nohup: ignoring input
Running pfchAT.sh...
pfchAT.sh completed successfully.
Running pfchGM.sh...
pfchGM.sh completed successfully.
Running pfchOS.sh...
pfchOS.sh completed successfully.
All scripts completed.
Running pfchAT.sh...
pfchAT.sh completed successfully.
Running pfchGM.sh...
pfchGM.sh completed successfully.
Running pfchOS.sh...
pfchOS.sh completed successfully.
All scripts completed.
Running pfchAT.sh...
pfchAT.sh completed successfully.
Running pfchGM.sh...
pfchGM.sh completed successfully.
Running pfchOS.sh...
pfchOS.sh completed successfully.
All scripts completed.
